This is pdfTeX, Version 3.14159265-2.6-1.40.21 (TeX Live 2020/W32TeX) (preloaded format=pdflatex 2022.5.11)  29 JUN 2022 16:09
entering extended mode
 restricted \write18 enabled.
 %&-line parsing enabled.
**doc.tex
(./doc.tex
LaTeX2e <2020-02-02> patch level 5
L3 programming layer <2020-03-06>
(c:/texlive/2020/texmf-dist/tex/latex/base/article.cls
Document Class: article 2019/12/20 v1.4l Standard LaTeX document class
(c:/texlive/2020/texmf-dist/tex/latex/base/size11.clo
File: size11.clo 2019/12/20 v1.4l Standard LaTeX file (size option)
)
\c@part=\count167
\c@section=\count168
\c@subsection=\count169
\c@subsubsection=\count170
\c@paragraph=\count171
\c@subparagraph=\count172
\c@figure=\count173
\c@table=\count174
\abovecaptionskip=\skip47
\belowcaptionskip=\skip48
\bibindent=\dimen134
)
(c:/texlive/2020/texmf-dist/tex/latex/sectsty/sectsty.sty
Package: sectsty 2002/02/25 v2.0.2 Commands to change all sectional heading sty
les


LaTeX Warning: Command \underbar  has changed.
               Check if current package is valid.


LaTeX Warning: Command \underline  has changed.
               Check if current package is valid.

) (c:/texlive/2020/texmf-dist/tex/latex/graphics/graphicx.sty
Package: graphicx 2019/11/30 v1.2a Enhanced LaTeX Graphics (DPC,SPQR)

(c:/texlive/2020/texmf-dist/tex/latex/graphics/keyval.sty
Package: keyval 2014/10/28 v1.15 key=value parser (DPC)
\KV@toks@=\toks15
)
(c:/texlive/2020/texmf-dist/tex/latex/graphics/graphics.sty
Package: graphics 2019/11/30 v1.4a Standard LaTeX Graphics (DPC,SPQR)

(c:/texlive/2020/texmf-dist/tex/latex/graphics/trig.sty
Package: trig 2016/01/03 v1.10 sin cos tan (DPC)
)
(c:/texlive/2020/texmf-dist/tex/latex/graphics-cfg/graphics.cfg
File: graphics.cfg 2016/06/04 v1.11 sample graphics configuration
)
Package graphics Info: Driver file: pdftex.def on input line 105.

(c:/texlive/2020/texmf-dist/tex/latex/graphics-def/pdftex.def
File: pdftex.def 2018/01/08 v1.0l Graphics/color driver for pdftex
))
\Gin@req@height=\dimen135
\Gin@req@width=\dimen136
)
(c:/texlive/2020/texmf-dist/tex/latex/l3backend/l3backend-pdfmode.def
File: l3backend-pdfmode.def 2020-03-12 L3 backend support: PDF mode
\l__kernel_color_stack_int=\count175
\l__pdf_internal_box=\box45
)
(./doc.aux)
\openout1 = `doc.aux'.

LaTeX Font Info:    Checking defaults for OML/cmm/m/it on input line 21.
LaTeX Font Info:    ... okay on input line 21.
LaTeX Font Info:    Checking defaults for OMS/cmsy/m/n on input line 21.
LaTeX Font Info:    ... okay on input line 21.
LaTeX Font Info:    Checking defaults for OT1/cmr/m/n on input line 21.
LaTeX Font Info:    ... okay on input line 21.
LaTeX Font Info:    Checking defaults for T1/cmr/m/n on input line 21.
LaTeX Font Info:    ... okay on input line 21.
LaTeX Font Info:    Checking defaults for TS1/cmr/m/n on input line 21.
LaTeX Font Info:    ... okay on input line 21.
LaTeX Font Info:    Checking defaults for OMX/cmex/m/n on input line 21.
LaTeX Font Info:    ... okay on input line 21.
LaTeX Font Info:    Checking defaults for U/cmr/m/n on input line 21.
LaTeX Font Info:    ... okay on input line 21.
 (c:/texlive/2020/texmf-dist/tex/context/base/mkii/supp-pdf.mkii
[Loading MPS to PDF converter (version 2006.09.02).]
\scratchcounter=\count176
\scratchdimen=\dimen137
\scratchbox=\box46
\nofMPsegments=\count177
\nofMParguments=\count178
\everyMPshowfont=\toks16
\MPscratchCnt=\count179
\MPscratchDim=\dimen138
\MPnumerator=\count180
\makeMPintoPDFobject=\count181
\everyMPtoPDFconversion=\toks17
) (c:/texlive/2020/texmf-dist/tex/latex/epstopdf-pkg/epstopdf-base.sty
Package: epstopdf-base 2020-01-24 v2.11 Base part for package epstopdf
Package epstopdf-base Info: Redefining graphics rule for `.eps' on input line 4
85.

(c:/texlive/2020/texmf-dist/tex/latex/latexconfig/epstopdf-sys.cfg
File: epstopdf-sys.cfg 2010/07/13 v1.3 Configuration of (r)epstopdf for TeX Liv
e
))
LaTeX Font Info:    External font `cmex10' loaded for size
(Font)              <12> on input line 22.
LaTeX Font Info:    External font `cmex10' loaded for size
(Font)              <8> on input line 22.
LaTeX Font Info:    External font `cmex10' loaded for size
(Font)              <6> on input line 22.

Underfull \hbox (badness 10000) in paragraph at lines 26--27

 []

<./images/robot_a.jpg, id=1, 3276.24pt x 2457.18pt>
File: ./images/robot_a.jpg Graphic file (type jpg)
<use ./images/robot_a.jpg>
Package pdftex.def Info: ./images/robot_a.jpg  used on input line 37.
(pdftex.def)             Requested size: 327.64319pt x 245.73239pt.

LaTeX Warning: `h' float specifier changed to `ht'.


Underfull \hbox (badness 10000) in paragraph at lines 42--43

 []

<./images/lidar_mount.png, id=2, 530.48187pt x 365.86688pt>
File: ./images/lidar_mount.png Graphic file (type png)
<use ./images/lidar_mount.png>
Package pdftex.def Info: ./images/lidar_mount.png  used on input line 51.
(pdftex.def)             Requested size: 318.29156pt x 219.52182pt.

LaTeX Warning: `h' float specifier changed to `ht'.


Underfull \hbox (badness 10000) in paragraph at lines 56--57

 []


Underfull \hbox (badness 10000) in paragraph at lines 58--59

 []

[1

{c:/texlive/2020/texmf-var/fonts/map/pdftex/updmap/pdftex.map}] [2 <./images/ro
bot_a.jpg>]
<./images/robot_b_full.jpg, id=16, 2071.74pt x 2428.07124pt>
File: ./images/robot_b_full.jpg Graphic file (type jpg)
<use ./images/robot_b_full.jpg>
Package pdftex.def Info: ./images/robot_b_full.jpg  used on input line 71.
(pdftex.def)             Requested size: 207.18613pt x 242.82135pt.


LaTeX Warning: `h' float specifier changed to `ht'.

<./images/ultrasonic_mount.jpg, id=17, 3276.24pt x 2457.18pt>
File: ./images/ultrasonic_mount.jpg Graphic file (type jpg)
<use ./images/ultrasonic_mount.jpg>
Package pdftex.def Info: ./images/ultrasonic_mount.jpg  used on input line 83.
(pdftex.def)             Requested size: 327.64319pt x 245.73239pt.

LaTeX Warning: `h' float specifier changed to `ht'.

<./images/central_mount_empty.png, id=18, 410.03188pt x 273.52188pt>
File: ./images/central_mount_empty.png Graphic file (type png)
<use ./images/central_mount_empty.png>
Package pdftex.def Info: ./images/central_mount_empty.png  used on input line 8
9.
(pdftex.def)             Requested size: 205.01543pt x 136.7606pt.

LaTeX Warning: `h' float specifier changed to `ht'.

<./images/central_mount_conns.png, id=19, 561.59813pt x 354.82562pt>
File: ./images/central_mount_conns.png Graphic file (type png)
<use ./images/central_mount_conns.png>
Package pdftex.def Info: ./images/central_mount_conns.png  used on input line 9
5.
(pdftex.def)             Requested size: 280.79837pt x 177.41237pt.

LaTeX Warning: `h' float specifier changed to `ht'.

[3 <./images/lidar_mount.PNG>] [4 <./images/robot_b_full.jpg>] [5 <./images/ult
rasonic_mount.jpg> <./images/central_mount_empty.PNG>] [6 <./images/central_mou
nt_conns.PNG>] (./doc.aux) ) 
Here is how much of TeX's memory you used:
 1303 strings out of 480608
 19398 string characters out of 5907536
 256560 words of memory out of 5000000
 17227 multiletter control sequences out of 15000+600000
 536585 words of font info for 38 fonts, out of 8000000 for 9000
 1141 hyphenation exceptions out of 8191
 30i,6n,26p,465b,217s stack positions out of 5000i,500n,10000p,200000b,80000s
<c:/texlive/2020/texmf-dist/fonts/type1/public/amsf
onts/cm/cmbx12.pfb><c:/texlive/2020/texmf-dist/fonts/type1/public/amsfonts/cm/c
mr10.pfb><c:/texlive/2020/texmf-dist/fonts/type1/public/amsfonts/cm/cmr12.pfb><
c:/texlive/2020/texmf-dist/fonts/type1/public/amsfonts/cm/cmr17.pfb>
Output written on doc.pdf (6 pages, 6959122 bytes).
PDF statistics:
 49 PDF objects out of 1000 (max. 8388607)
 27 compressed objects within 1 object stream
 0 named destinations out of 1000 (max. 500000)
 31 words of extra memory for PDF output out of 10000 (max. 10000000)

